0 info it worked if it ends with ok
1 verbose cli [ '/home/elhendricks/.node/bin/node',
1 verbose cli   '/home/elhendricks/.node/bin/npm',
1 verbose cli   'run',
1 verbose cli   'e2e' ]
2 info using npm@3.10.8
3 info using node@v6.8.1
4 verbose run-script [ 'pree2e', 'e2e', 'poste2e' ]
5 info lifecycle pet-store@1.0.0~pree2e: pet-store@1.0.0
6 verbose lifecycle pet-store@1.0.0~pree2e: unsafe-perm in lifecycle true
7 verbose lifecycle pet-store@1.0.0~pree2e: PATH: /home/elhendricks/.node/lib/node_modules/npm/bin/node-gyp-bin:/home/elhendricks/Projects/401/pet-store/node_modules/.bin:/home/elhendricks/mongodb/mongodb-linux-x86_64-ubuntu1604-3.2.10/bin/:/home/elhendricks/.node/bin:/usr/local/heroku/bin:/home/elhendricks/bin:/home/elhendricks/.local/bin:/usr/local/sbin:/usr/local/bin:/usr/sbin:/usr/bin:/sbin:/bin:/usr/games:/usr/local/games:/snap/bin:/home/elhendricks/Desktop/jdk1.8.0_111/bin
8 verbose lifecycle pet-store@1.0.0~pree2e: CWD: /home/elhendricks/Projects/401/pet-store
9 silly lifecycle pet-store@1.0.0~pree2e: Args: [ '-c', 'babel test-e2e-src --out-dir test-e2e' ]
10 silly lifecycle pet-store@1.0.0~pree2e: Returned: code: 0  signal: null
11 info lifecycle pet-store@1.0.0~e2e: pet-store@1.0.0
12 verbose lifecycle pet-store@1.0.0~e2e: unsafe-perm in lifecycle true
13 verbose lifecycle pet-store@1.0.0~e2e: PATH: /home/elhendricks/.node/lib/node_modules/npm/bin/node-gyp-bin:/home/elhendricks/Projects/401/pet-store/node_modules/.bin:/home/elhendricks/mongodb/mongodb-linux-x86_64-ubuntu1604-3.2.10/bin/:/home/elhendricks/.node/bin:/usr/local/heroku/bin:/home/elhendricks/bin:/home/elhendricks/.local/bin:/usr/local/sbin:/usr/local/bin:/usr/sbin:/usr/bin:/sbin:/bin:/usr/games:/usr/local/games:/snap/bin:/home/elhendricks/Desktop/jdk1.8.0_111/bin
14 verbose lifecycle pet-store@1.0.0~e2e: CWD: /home/elhendricks/Projects/401/pet-store
15 silly lifecycle pet-store@1.0.0~e2e: Args: [ '-c', 'protractor' ]
16 silly lifecycle pet-store@1.0.0~e2e: Returned: code: 1  signal: null
17 info lifecycle pet-store@1.0.0~e2e: Failed to exec e2e script
18 verbose stack Error: pet-store@1.0.0 e2e: `protractor`
18 verbose stack Exit status 1
18 verbose stack     at EventEmitter.<anonymous> (/home/elhendricks/.node/lib/node_modules/npm/lib/utils/lifecycle.js:255:16)
18 verbose stack     at emitTwo (events.js:106:13)
18 verbose stack     at EventEmitter.emit (events.js:191:7)
18 verbose stack     at ChildProcess.<anonymous> (/home/elhendricks/.node/lib/node_modules/npm/lib/utils/spawn.js:40:14)
18 verbose stack     at emitTwo (events.js:106:13)
18 verbose stack     at ChildProcess.emit (events.js:191:7)
18 verbose stack     at maybeClose (internal/child_process.js:877:16)
18 verbose stack     at Process.ChildProcess._handle.onexit (internal/child_process.js:226:5)
19 verbose pkgid pet-store@1.0.0
20 verbose cwd /home/elhendricks/Projects/401/pet-store
21 error Linux 4.4.0-53-generic
22 error argv "/home/elhendricks/.node/bin/node" "/home/elhendricks/.node/bin/npm" "run" "e2e"
23 error node v6.8.1
24 error npm  v3.10.8
25 error code ELIFECYCLE
26 error pet-store@1.0.0 e2e: `protractor`
26 error Exit status 1
27 error Failed at the pet-store@1.0.0 e2e script 'protractor'.
27 error Make sure you have the latest version of node.js and npm installed.
27 error If you do, this is most likely a problem with the pet-store package,
27 error not with npm itself.
27 error Tell the author that this fails on your system:
27 error     protractor
27 error You can get information on how to open an issue for this project with:
27 error     npm bugs pet-store
27 error Or if that isn't available, you can get their info via:
27 error     npm owner ls pet-store
27 error There is likely additional logging output above.
28 verbose exit [ 1, true ]
